2017-05-05 8:15:11 - PHP Notice:  Undefined index: firstname in /opt/lampp/htdocs/upload/catalog/controller/account/register.php on line 382
2017-05-05 8:15:11 - PHP Notice:  Undefined index: lastname in /opt/lampp/htdocs/upload/catalog/controller/account/register.php on line 386
2017-05-05 8:15:11 - PHP Notice:  Undefined index: email in /opt/lampp/htdocs/upload/catalog/controller/account/register.php on line 390
2017-05-05 8:15:11 - PHP Notice:  Undefined index: email in /opt/lampp/htdocs/upload/catalog/controller/account/register.php on line 390
2017-05-05 8:15:11 - PHP Notice:  Undefined index: email in /opt/lampp/htdocs/upload/catalog/controller/account/register.php on line 394
2017-05-05 8:15:11 - PHP Notice:  Undefined index: telephone in /opt/lampp/htdocs/upload/catalog/controller/account/register.php on line 398
2017-05-05 8:15:11 - PHP Notice:  Undefined index: address_1 in /opt/lampp/htdocs/upload/catalog/controller/account/register.php on line 402
2017-05-05 8:15:11 - PHP Notice:  Undefined index: city in /opt/lampp/htdocs/upload/catalog/controller/account/register.php on line 406
2017-05-05 8:15:11 - PHP Notice:  Undefined index: country_id in /opt/lampp/htdocs/upload/catalog/controller/account/register.php on line 412
2017-05-05 8:15:11 - PHP Notice:  Undefined index: country_id in /opt/lampp/htdocs/upload/catalog/controller/account/register.php on line 418
2017-05-05 8:15:11 - PHP Notice:  Undefined index: password in /opt/lampp/htdocs/upload/catalog/controller/account/register.php on line 446
2017-05-05 8:15:11 - PHP Notice:  Undefined index: confirm in /opt/lampp/htdocs/upload/catalog/controller/account/register.php on line 450
2017-05-05 8:15:11 - PHP Notice:  Undefined index: password in /opt/lampp/htdocs/upload/catalog/controller/account/register.php on line 450
2017-05-05 8:15:30 - PHP Notice:  Undefined index: firstname in /opt/lampp/htdocs/upload/catalog/controller/account/register.php on line 382
2017-05-05 8:15:30 - PHP Notice:  Undefined index: lastname in /opt/lampp/htdocs/upload/catalog/controller/account/register.php on line 386
2017-05-05 8:15:30 - PHP Notice:  Undefined index: email in /opt/lampp/htdocs/upload/catalog/controller/account/register.php on line 390
2017-05-05 8:15:30 - PHP Notice:  Undefined index: email in /opt/lampp/htdocs/upload/catalog/controller/account/register.php on line 390
2017-05-05 8:15:30 - PHP Notice:  Undefined index: email in /opt/lampp/htdocs/upload/catalog/controller/account/register.php on line 394
2017-05-05 8:15:30 - PHP Notice:  Undefined index: telephone in /opt/lampp/htdocs/upload/catalog/controller/account/register.php on line 398
2017-05-05 8:15:30 - PHP Notice:  Undefined index: address_1 in /opt/lampp/htdocs/upload/catalog/controller/account/register.php on line 402
2017-05-05 8:15:30 - PHP Notice:  Undefined index: city in /opt/lampp/htdocs/upload/catalog/controller/account/register.php on line 406
2017-05-05 8:15:30 - PHP Notice:  Undefined index: country_id in /opt/lampp/htdocs/upload/catalog/controller/account/register.php on line 412
2017-05-05 8:15:30 - PHP Notice:  Undefined index: country_id in /opt/lampp/htdocs/upload/catalog/controller/account/register.php on line 418
2017-05-05 8:15:30 - PHP Notice:  Undefined index: password in /opt/lampp/htdocs/upload/catalog/controller/account/register.php on line 446
2017-05-05 8:15:30 - PHP Notice:  Undefined index: confirm in /opt/lampp/htdocs/upload/catalog/controller/account/register.php on line 450
2017-05-05 8:15:30 - PHP Notice:  Undefined index: password in /opt/lampp/htdocs/upload/catalog/controller/account/register.php on line 450
2017-05-05 8:16:46 - PHP Notice:  Undefined index: firstname in /opt/lampp/htdocs/upload/catalog/controller/account/register.php on line 382
2017-05-05 8:16:46 - PHP Notice:  Undefined index: lastname in /opt/lampp/htdocs/upload/catalog/controller/account/register.php on line 386
2017-05-05 8:16:46 - PHP Notice:  Undefined index: email in /opt/lampp/htdocs/upload/catalog/controller/account/register.php on line 390
2017-05-05 8:16:46 - PHP Notice:  Undefined index: email in /opt/lampp/htdocs/upload/catalog/controller/account/register.php on line 390
2017-05-05 8:16:46 - PHP Notice:  Undefined index: email in /opt/lampp/htdocs/upload/catalog/controller/account/register.php on line 394
2017-05-05 8:16:46 - PHP Notice:  Undefined index: telephone in /opt/lampp/htdocs/upload/catalog/controller/account/register.php on line 398
2017-05-05 8:16:46 - PHP Notice:  Undefined index: address_1 in /opt/lampp/htdocs/upload/catalog/controller/account/register.php on line 402
2017-05-05 8:16:46 - PHP Notice:  Undefined index: city in /opt/lampp/htdocs/upload/catalog/controller/account/register.php on line 406
2017-05-05 8:16:46 - PHP Notice:  Undefined index: country_id in /opt/lampp/htdocs/upload/catalog/controller/account/register.php on line 412
2017-05-05 8:16:46 - PHP Notice:  Undefined index: country_id in /opt/lampp/htdocs/upload/catalog/controller/account/register.php on line 418
2017-05-05 8:16:46 - PHP Notice:  Undefined index: password in /opt/lampp/htdocs/upload/catalog/controller/account/register.php on line 446
2017-05-05 8:16:46 - PHP Notice:  Undefined index: confirm in /opt/lampp/htdocs/upload/catalog/controller/account/register.php on line 450
2017-05-05 8:16:46 - PHP Notice:  Undefined index: password in /opt/lampp/htdocs/upload/catalog/controller/account/register.php on line 450
2017-05-05 8:17:51 - PHP Notice:  Undefined index: email in /opt/lampp/htdocs/upload/catalog/controller/account/login.php on line 187
2017-05-05 8:17:51 - PHP Notice:  Undefined index: email in /opt/lampp/htdocs/upload/catalog/controller/account/login.php on line 194
2017-05-05 8:17:51 - PHP Notice:  Undefined index: email in /opt/lampp/htdocs/upload/catalog/controller/account/login.php on line 201
2017-05-05 8:17:51 - PHP Notice:  Undefined index: password in /opt/lampp/htdocs/upload/catalog/controller/account/login.php on line 201
2017-05-05 8:17:51 - PHP Notice:  Undefined index: email in /opt/lampp/htdocs/upload/catalog/controller/account/login.php on line 204
2017-05-05 8:23:51 - PHP Notice:  Undefined variable: actions in /opt/lampp/htdocs/upload/catalog/view/theme/default/template/account/register.tpl on line 15
2017-05-05 8:23:58 - PHP Notice:  Undefined variable: actions in /opt/lampp/htdocs/upload/catalog/view/theme/default/template/account/register.tpl on line 15
2017-05-05 8:24:09 - PHP Notice:  Undefined index: email in /opt/lampp/htdocs/upload/catalog/controller/account/login.php on line 187
2017-05-05 8:24:09 - PHP Notice:  Undefined index: email in /opt/lampp/htdocs/upload/catalog/controller/account/login.php on line 194
2017-05-05 8:24:09 - PHP Notice:  Undefined index: email in /opt/lampp/htdocs/upload/catalog/controller/account/login.php on line 201
2017-05-05 8:24:09 - PHP Notice:  Undefined index: password in /opt/lampp/htdocs/upload/catalog/controller/account/login.php on line 201
2017-05-05 8:24:09 - PHP Notice:  Undefined index: email in /opt/lampp/htdocs/upload/catalog/controller/account/login.php on line 204
2017-05-05 8:24:57 - PHP Notice:  Undefined index: email in /opt/lampp/htdocs/upload/catalog/controller/account/login.php on line 187
2017-05-05 8:24:57 - PHP Notice:  Undefined index: email in /opt/lampp/htdocs/upload/catalog/controller/account/login.php on line 194
2017-05-05 8:24:57 - PHP Notice:  Undefined index: email in /opt/lampp/htdocs/upload/catalog/controller/account/login.php on line 201
2017-05-05 8:24:57 - PHP Notice:  Undefined index: password in /opt/lampp/htdocs/upload/catalog/controller/account/login.php on line 201
2017-05-05 8:24:57 - PHP Notice:  Undefined index: email in /opt/lampp/htdocs/upload/catalog/controller/account/login.php on line 204
2017-05-05 8:42:12 - PHP Notice:  Undefined index: email in /opt/lampp/htdocs/upload/catalog/controller/account/login.php on line 214
2017-05-05 8:42:12 - PHP Notice:  Undefined index: email in /opt/lampp/htdocs/upload/catalog/controller/account/login.php on line 221
2017-05-05 8:42:12 - PHP Notice:  Undefined index: email in /opt/lampp/htdocs/upload/catalog/controller/account/login.php on line 228
2017-05-05 8:42:12 - PHP Notice:  Undefined index: password in /opt/lampp/htdocs/upload/catalog/controller/account/login.php on line 228
2017-05-05 8:42:12 - PHP Notice:  Undefined index: email in /opt/lampp/htdocs/upload/catalog/controller/account/login.php on line 231
2017-05-05 8:56:22 - PHP Notice:  Undefined variable: login_by in /opt/lampp/htdocs/upload/catalog/view/theme/default/template/account/login.tpl on line 9
2017-05-05 8:56:22 - PHP Notice:  Undefined variable: btn_login in /opt/lampp/htdocs/upload/catalog/view/theme/default/template/account/login.tpl on line 29
2017-05-05 8:56:22 - PHP Notice:  Undefined variable: login_by in /opt/lampp/htdocs/upload/catalog/view/theme/default/template/account/login.tpl on line 32
2017-05-05 8:58:15 - PHP Notice:  Undefined variable: login_by in /opt/lampp/htdocs/upload/catalog/view/theme/default/template/account/login.tpl on line 9
2017-05-05 8:58:15 - PHP Notice:  Undefined variable: btn_login in /opt/lampp/htdocs/upload/catalog/view/theme/default/template/account/login.tpl on line 29
2017-05-05 8:58:15 - PHP Notice:  Undefined variable: login_by in /opt/lampp/htdocs/upload/catalog/view/theme/default/template/account/login.tpl on line 32
2017-05-05 9:01:41 - PHP Notice:  Undefined variable: login_by in /opt/lampp/htdocs/upload/catalog/view/theme/default/template/account/login.tpl on line 9
2017-05-05 9:01:41 - PHP Notice:  Undefined variable: btn_login in /opt/lampp/htdocs/upload/catalog/view/theme/default/template/account/login.tpl on line 29
2017-05-05 9:01:41 - PHP Notice:  Undefined variable: login_by in /opt/lampp/htdocs/upload/catalog/view/theme/default/template/account/login.tpl on line 32
2017-05-05 9:01:51 - PHP Notice:  Undefined variable: login_by in /opt/lampp/htdocs/upload/catalog/view/theme/default/template/account/login.tpl on line 9
2017-05-05 9:01:51 - PHP Notice:  Undefined variable: btn_login in /opt/lampp/htdocs/upload/catalog/view/theme/default/template/account/login.tpl on line 29
2017-05-05 9:01:51 - PHP Notice:  Undefined variable: login_by in /opt/lampp/htdocs/upload/catalog/view/theme/default/template/account/login.tpl on line 32
2017-05-05 9:08:01 - PHP Notice:  Undefined variable: login_by in /opt/lampp/htdocs/upload/catalog/view/theme/default/template/account/login.tpl on line 9
2017-05-05 9:08:29 - PHP Notice:  Undefined variable: login_by in /opt/lampp/htdocs/upload/catalog/view/theme/default/template/account/login.tpl on line 9
2017-05-05 9:14:41 - PHP Notice:  Undefined index: email in /opt/lampp/htdocs/upload/catalog/controller/account/login.php on line 214
2017-05-05 9:14:41 - PHP Notice:  Undefined index: email in /opt/lampp/htdocs/upload/catalog/controller/account/login.php on line 221
2017-05-05 9:14:41 - PHP Notice:  Undefined index: email in /opt/lampp/htdocs/upload/catalog/controller/account/login.php on line 228
2017-05-05 9:14:41 - PHP Notice:  Undefined index: password in /opt/lampp/htdocs/upload/catalog/controller/account/login.php on line 228
2017-05-05 9:14:41 - PHP Notice:  Undefined index: email in /opt/lampp/htdocs/upload/catalog/controller/account/login.php on line 231
2017-05-05 9:20:30 - PHP Notice:  Undefined index: email in /opt/lampp/htdocs/upload/catalog/controller/account/login.php on line 214
2017-05-05 9:20:30 - PHP Notice:  Undefined index: email in /opt/lampp/htdocs/upload/catalog/controller/account/login.php on line 221
2017-05-05 9:22:56 - PHP Notice:  Undefined index: email in /opt/lampp/htdocs/upload/catalog/controller/account/login.php on line 214
2017-05-05 9:22:56 - PHP Notice:  Undefined index: email in /opt/lampp/htdocs/upload/catalog/controller/account/login.php on line 221
2017-05-05 9:27:10 - PHP Notice:  Undefined index: email in /opt/lampp/htdocs/upload/catalog/controller/account/login.php on line 214
2017-05-05 9:27:10 - PHP Notice:  Undefined index: email in /opt/lampp/htdocs/upload/catalog/controller/account/login.php on line 221
2017-05-05 9:37:58 - PHP Notice:  Undefined index: password in /opt/lampp/htdocs/upload/catalog/controller/account/login.php on line 228
2017-05-05 10:44:26 - PHP Notice:  Undefined variable: home in /opt/lampp/htdocs/upload/catalog/view/theme/default/template/account/login.tpl on line 16
2017-05-05 12:48:38 - PHP Notice:  Undefined index: confirm in /opt/lampp/htdocs/upload/catalog/controller/account/register.php on line 451
2017-05-05 13:05:50 - PHP Notice:  Undefined index: confirm in /opt/lampp/htdocs/upload/catalog/controller/account/register.php on line 451
2017-05-05 13:08:40 - PHP Notice:  Undefined index: confirm in /opt/lampp/htdocs/upload/catalog/controller/account/register.php on line 451
2017-05-05 13:12:12 - PHP Notice:  Undefined index: telephone in /opt/lampp/htdocs/upload/catalog/controller/account/register.php on line 399
2017-05-05 13:12:12 - PHP Notice:  Undefined index: address_1 in /opt/lampp/htdocs/upload/catalog/controller/account/register.php on line 403
2017-05-05 13:12:12 - PHP Notice:  Undefined index: city in /opt/lampp/htdocs/upload/catalog/controller/account/register.php on line 407
2017-05-05 13:12:12 - PHP Notice:  Undefined index: country_id in /opt/lampp/htdocs/upload/catalog/controller/account/register.php on line 413
2017-05-05 13:12:12 - PHP Notice:  Undefined index: country_id in /opt/lampp/htdocs/upload/catalog/controller/account/register.php on line 419
2017-05-05 13:12:12 - PHP Notice:  Undefined index: confirm in /opt/lampp/htdocs/upload/catalog/controller/account/register.php on line 451
2017-05-05 13:14:09 - PHP Notice:  Undefined index: telephone in /opt/lampp/htdocs/upload/catalog/controller/account/register.php on line 399
2017-05-05 13:14:09 - PHP Notice:  Undefined index: address_1 in /opt/lampp/htdocs/upload/catalog/controller/account/register.php on line 403
2017-05-05 13:14:09 - PHP Notice:  Undefined index: city in /opt/lampp/htdocs/upload/catalog/controller/account/register.php on line 407
2017-05-05 13:14:09 - PHP Notice:  Undefined index: country_id in /opt/lampp/htdocs/upload/catalog/controller/account/register.php on line 413
2017-05-05 13:14:09 - PHP Notice:  Undefined index: country_id in /opt/lampp/htdocs/upload/catalog/controller/account/register.php on line 419
2017-05-05 13:14:09 - PHP Notice:  Undefined index: confirm in /opt/lampp/htdocs/upload/catalog/controller/account/register.php on line 451
2017-05-05 13:16:29 - PHP Notice:  Undefined index: telephone in /opt/lampp/htdocs/upload/catalog/controller/account/register.php on line 399
2017-05-05 13:16:29 - PHP Notice:  Undefined index: address_1 in /opt/lampp/htdocs/upload/catalog/controller/account/register.php on line 403
2017-05-05 13:16:29 - PHP Notice:  Undefined index: city in /opt/lampp/htdocs/upload/catalog/controller/account/register.php on line 407
2017-05-05 13:16:29 - PHP Notice:  Undefined index: country_id in /opt/lampp/htdocs/upload/catalog/controller/account/register.php on line 413
2017-05-05 13:16:29 - PHP Notice:  Undefined index: country_id in /opt/lampp/htdocs/upload/catalog/controller/account/register.php on line 419
2017-05-05 13:16:29 - PHP Notice:  Undefined index: confirm in /opt/lampp/htdocs/upload/catalog/controller/account/register.php on line 451
2017-05-05 13:17:38 - PHP Notice:  Undefined index: telephone in /opt/lampp/htdocs/upload/catalog/controller/account/register.php on line 399
2017-05-05 13:17:38 - PHP Notice:  Undefined index: address_1 in /opt/lampp/htdocs/upload/catalog/controller/account/register.php on line 403
2017-05-05 13:17:38 - PHP Notice:  Undefined index: city in /opt/lampp/htdocs/upload/catalog/controller/account/register.php on line 407
2017-05-05 13:17:38 - PHP Notice:  Undefined index: country_id in /opt/lampp/htdocs/upload/catalog/controller/account/register.php on line 413
2017-05-05 13:17:38 - PHP Notice:  Undefined index: country_id in /opt/lampp/htdocs/upload/catalog/controller/account/register.php on line 419
2017-05-05 13:17:38 - PHP Notice:  Undefined index: confirm in /opt/lampp/htdocs/upload/catalog/controller/account/register.php on line 451
2017-05-05 13:35:49 - PHP Notice:  Undefined index: telephone in /opt/lampp/htdocs/upload/catalog/model/account/customer.php on line 14
2017-05-05 13:35:49 - PHP Notice:  Undefined index: fax in /opt/lampp/htdocs/upload/catalog/model/account/customer.php on line 14
2017-05-05 13:35:49 - PHP Notice:  Undefined index: company in /opt/lampp/htdocs/upload/catalog/model/account/customer.php on line 18
2017-05-05 13:35:49 - PHP Notice:  Undefined index: address_1 in /opt/lampp/htdocs/upload/catalog/model/account/customer.php on line 18
2017-05-05 13:35:49 - PHP Notice:  Undefined index: address_2 in /opt/lampp/htdocs/upload/catalog/model/account/customer.php on line 18
2017-05-05 13:35:49 - PHP Notice:  Undefined index: city in /opt/lampp/htdocs/upload/catalog/model/account/customer.php on line 18
2017-05-05 13:35:49 - PHP Notice:  Undefined index: postcode in /opt/lampp/htdocs/upload/catalog/model/account/customer.php on line 18
2017-05-05 13:35:49 - PHP Notice:  Undefined index: country_id in /opt/lampp/htdocs/upload/catalog/model/account/customer.php on line 18
2017-05-05 13:35:49 - PHP Notice:  Undefined index: zone_id in /opt/lampp/htdocs/upload/catalog/model/account/customer.php on line 18
2017-05-05 13:38:22 - PHP Notice:  Undefined index: telephone in /opt/lampp/htdocs/upload/catalog/model/account/customer.php on line 14
2017-05-05 13:38:22 - PHP Notice:  Undefined index: fax in /opt/lampp/htdocs/upload/catalog/model/account/customer.php on line 14
2017-05-05 13:38:22 - PHP Notice:  Undefined index: company in /opt/lampp/htdocs/upload/catalog/model/account/customer.php on line 18
2017-05-05 13:38:22 - PHP Notice:  Undefined index: address_1 in /opt/lampp/htdocs/upload/catalog/model/account/customer.php on line 18
2017-05-05 13:38:22 - PHP Notice:  Undefined index: address_2 in /opt/lampp/htdocs/upload/catalog/model/account/customer.php on line 18
2017-05-05 13:38:22 - PHP Notice:  Undefined index: city in /opt/lampp/htdocs/upload/catalog/model/account/customer.php on line 18
2017-05-05 13:38:22 - PHP Notice:  Undefined index: postcode in /opt/lampp/htdocs/upload/catalog/model/account/customer.php on line 18
2017-05-05 13:38:22 - PHP Notice:  Undefined index: country_id in /opt/lampp/htdocs/upload/catalog/model/account/customer.php on line 18
2017-05-05 13:38:22 - PHP Notice:  Undefined index: zone_id in /opt/lampp/htdocs/upload/catalog/model/account/customer.php on line 18
2017-05-05 13:42:28 - PHP Notice:  Undefined index: confirm in /opt/lampp/htdocs/upload/catalog/controller/account/register.php on line 451
2017-05-05 13:47:14 - PHP Notice:  Undefined index: confirm in /opt/lampp/htdocs/upload/catalog/controller/account/register.php on line 451
